2026-03-09 13:03:16,270 [INFO] rt_gesture.main: RT-Gesture run directory: logs/2026-03-09_13-03-16
2026-03-09 13:03:16,277 [INFO] rt_gesture.main: InferenceEngine started (pid=20127)
2026-03-09 13:03:16,785 [INFO] rt_gesture.main: DataSimulator started (pid=20135)
2026-03-09 13:03:17,155 [INFO] rt_gesture.data_simulator: Loaded HDF5 file /Data/CTRL_LAB/Discrete Gestures/mini/discrete_gestures_user_000_dataset_000.hdf5 with 5480192 samples and 1900 prompts
2026-03-09 13:03:17,155 [INFO] rt_gesture.data_simulator: DataSimulator started
2026-03-09 13:03:19,975 [INFO] rt_gesture.checkpoint_utils: Loaded checkpoint /home/rxb/rt_gesture/workspace/checkpoints/discrete_gestures/model_checkpoint.ckpt with 6482953 parameters on cuda
2026-03-09 13:03:19,978 [INFO] rt_gesture.inference_engine: InferenceEngine started on device=cuda
2026-03-09 13:03:19,996 [WARNING] rt_gesture.zmq_transport: ZMQ port 5625 seq gap: expected=0 got=142 gap=142
2026-03-09 13:03:19,996 [WARNING] rt_gesture.inference_engine: Data interruption detected (sequence gap), resetting states
2026-03-09 13:03:20,941 [WARNING] rt_gesture.inference_engine: Transport latency high: 824.126 ms (threshold 5.000 ms)
2026-03-09 13:03:20,941 [WARNING] rt_gesture.inference_engine: Pipeline latency high: 825.919 ms (threshold 80.000 ms)
2026-03-09 13:03:20,943 [WARNING] rt_gesture.inference_engine: Transport latency high: 806.311 ms (threshold 5.000 ms)
2026-03-09 13:03:20,943 [WARNING] rt_gesture.inference_engine: Pipeline latency high: 807.738 ms (threshold 80.000 ms)
2026-03-09 13:03:20,944 [WARNING] rt_gesture.inference_engine: Transport latency high: 788.007 ms (threshold 5.000 ms)
2026-03-09 13:03:20,945 [WARNING] rt_gesture.inference_engine: Pipeline latency high: 789.423 ms (threshold 80.000 ms)
2026-03-09 13:03:20,946 [WARNING] rt_gesture.inference_engine: Transport latency high: 769.697 ms (threshold 5.000 ms)
2026-03-09 13:03:20,946 [WARNING] rt_gesture.inference_engine: Pipeline latency high: 771.094 ms (threshold 80.000 ms)
2026-03-09 13:03:20,948 [WARNING] rt_gesture.inference_engine: Transport latency high: 751.354 ms (threshold 5.000 ms)
2026-03-09 13:03:20,948 [WARNING] rt_gesture.inference_engine: Pipeline latency high: 752.745 ms (threshold 80.000 ms)
2026-03-09 13:03:20,949 [WARNING] rt_gesture.inference_engine: Transport latency high: 733.008 ms (threshold 5.000 ms)
2026-03-09 13:03:20,950 [WARNING] rt_gesture.inference_engine: Pipeline latency high: 734.413 ms (threshold 80.000 ms)
2026-03-09 13:03:20,951 [WARNING] rt_gesture.inference_engine: Transport latency high: 714.677 ms (threshold 5.000 ms)
2026-03-09 13:03:20,951 [WARNING] rt_gesture.inference_engine: Pipeline latency high: 716.080 ms (threshold 80.000 ms)
2026-03-09 13:03:20,953 [WARNING] rt_gesture.inference_engine: Transport latency high: 696.339 ms (threshold 5.000 ms)
2026-03-09 13:03:20,953 [WARNING] rt_gesture.inference_engine: Pipeline latency high: 697.730 ms (threshold 80.000 ms)
2026-03-09 13:03:20,954 [WARNING] rt_gesture.inference_engine: Transport latency high: 677.994 ms (threshold 5.000 ms)
2026-03-09 13:03:20,955 [WARNING] rt_gesture.inference_engine: Pipeline latency high: 679.386 ms (threshold 80.000 ms)
2026-03-09 13:03:20,956 [WARNING] rt_gesture.inference_engine: Transport latency high: 659.656 ms (threshold 5.000 ms)
2026-03-09 13:03:20,956 [WARNING] rt_gesture.inference_engine: Pipeline latency high: 661.044 ms (threshold 80.000 ms)
2026-03-09 13:03:20,958 [WARNING] rt_gesture.inference_engine: Transport latency high: 641.301 ms (threshold 5.000 ms)
2026-03-09 13:03:20,958 [WARNING] rt_gesture.inference_engine: Pipeline latency high: 642.701 ms (threshold 80.000 ms)
2026-03-09 13:03:20,959 [WARNING] rt_gesture.inference_engine: Transport latency high: 622.968 ms (threshold 5.000 ms)
2026-03-09 13:03:20,959 [WARNING] rt_gesture.inference_engine: Pipeline latency high: 624.368 ms (threshold 80.000 ms)
2026-03-09 13:03:20,961 [WARNING] rt_gesture.inference_engine: Transport latency high: 604.632 ms (threshold 5.000 ms)
2026-03-09 13:03:20,961 [WARNING] rt_gesture.inference_engine: Pipeline latency high: 606.023 ms (threshold 80.000 ms)
2026-03-09 13:03:20,963 [WARNING] rt_gesture.inference_engine: Transport latency high: 586.309 ms (threshold 5.000 ms)
2026-03-09 13:03:20,963 [WARNING] rt_gesture.inference_engine: Pipeline latency high: 587.713 ms (threshold 80.000 ms)
2026-03-09 13:03:20,964 [WARNING] rt_gesture.inference_engine: Transport latency high: 567.971 ms (threshold 5.000 ms)
2026-03-09 13:03:20,965 [WARNING] rt_gesture.inference_engine: Pipeline latency high: 569.379 ms (threshold 80.000 ms)
2026-03-09 13:03:20,966 [WARNING] rt_gesture.inference_engine: Transport latency high: 549.638 ms (threshold 5.000 ms)
2026-03-09 13:03:20,966 [WARNING] rt_gesture.inference_engine: Pipeline latency high: 551.029 ms (threshold 80.000 ms)
2026-03-09 13:03:20,968 [WARNING] rt_gesture.inference_engine: Transport latency high: 531.291 ms (threshold 5.000 ms)
2026-03-09 13:03:20,968 [WARNING] rt_gesture.inference_engine: Pipeline latency high: 532.696 ms (threshold 80.000 ms)
2026-03-09 13:03:20,969 [WARNING] rt_gesture.inference_engine: Transport latency high: 512.959 ms (threshold 5.000 ms)
2026-03-09 13:03:20,969 [WARNING] rt_gesture.inference_engine: Pipeline latency high: 514.340 ms (threshold 80.000 ms)
2026-03-09 13:03:20,971 [WARNING] rt_gesture.inference_engine: Transport latency high: 494.599 ms (threshold 5.000 ms)
2026-03-09 13:03:20,971 [WARNING] rt_gesture.inference_engine: Pipeline latency high: 496.016 ms (threshold 80.000 ms)
2026-03-09 13:03:20,973 [WARNING] rt_gesture.inference_engine: Transport latency high: 476.277 ms (threshold 5.000 ms)
2026-03-09 13:03:20,973 [WARNING] rt_gesture.inference_engine: Pipeline latency high: 477.675 ms (threshold 80.000 ms)
2026-03-09 13:03:20,974 [WARNING] rt_gesture.inference_engine: Transport latency high: 457.940 ms (threshold 5.000 ms)
2026-03-09 13:03:20,974 [WARNING] rt_gesture.inference_engine: Pipeline latency high: 459.326 ms (threshold 80.000 ms)
2026-03-09 13:03:20,976 [WARNING] rt_gesture.inference_engine: Transport latency high: 439.597 ms (threshold 5.000 ms)
2026-03-09 13:03:20,976 [WARNING] rt_gesture.inference_engine: Pipeline latency high: 440.981 ms (threshold 80.000 ms)
2026-03-09 13:03:20,978 [WARNING] rt_gesture.inference_engine: Transport latency high: 421.241 ms (threshold 5.000 ms)
2026-03-09 13:03:20,978 [WARNING] rt_gesture.inference_engine: Pipeline latency high: 422.641 ms (threshold 80.000 ms)
2026-03-09 13:03:20,979 [WARNING] rt_gesture.inference_engine: Transport latency high: 402.927 ms (threshold 5.000 ms)
2026-03-09 13:03:20,979 [WARNING] rt_gesture.inference_engine: Pipeline latency high: 404.346 ms (threshold 80.000 ms)
2026-03-09 13:03:20,981 [WARNING] rt_gesture.inference_engine: Transport latency high: 384.612 ms (threshold 5.000 ms)
2026-03-09 13:03:20,981 [WARNING] rt_gesture.inference_engine: Pipeline latency high: 385.997 ms (threshold 80.000 ms)
2026-03-09 13:03:20,983 [WARNING] rt_gesture.inference_engine: Transport latency high: 366.258 ms (threshold 5.000 ms)
2026-03-09 13:03:20,983 [WARNING] rt_gesture.inference_engine: Pipeline latency high: 367.663 ms (threshold 80.000 ms)
2026-03-09 13:03:20,984 [WARNING] rt_gesture.inference_engine: Transport latency high: 347.925 ms (threshold 5.000 ms)
2026-03-09 13:03:20,984 [WARNING] rt_gesture.inference_engine: Pipeline latency high: 349.316 ms (threshold 80.000 ms)
2026-03-09 13:03:20,986 [WARNING] rt_gesture.inference_engine: Transport latency high: 329.591 ms (threshold 5.000 ms)
2026-03-09 13:03:20,986 [WARNING] rt_gesture.inference_engine: Pipeline latency high: 331.008 ms (threshold 80.000 ms)
2026-03-09 13:03:20,988 [WARNING] rt_gesture.inference_engine: Transport latency high: 311.278 ms (threshold 5.000 ms)
2026-03-09 13:03:20,988 [WARNING] rt_gesture.inference_engine: Pipeline latency high: 312.693 ms (threshold 80.000 ms)
2026-03-09 13:03:20,989 [WARNING] rt_gesture.inference_engine: Transport latency high: 292.958 ms (threshold 5.000 ms)
2026-03-09 13:03:20,989 [WARNING] rt_gesture.inference_engine: Pipeline latency high: 294.341 ms (threshold 80.000 ms)
2026-03-09 13:03:20,991 [WARNING] rt_gesture.inference_engine: Transport latency high: 274.621 ms (threshold 5.000 ms)
2026-03-09 13:03:20,991 [WARNING] rt_gesture.inference_engine: Pipeline latency high: 276.018 ms (threshold 80.000 ms)
2026-03-09 13:03:20,993 [WARNING] rt_gesture.inference_engine: Transport latency high: 256.277 ms (threshold 5.000 ms)
2026-03-09 13:03:20,993 [WARNING] rt_gesture.inference_engine: Pipeline latency high: 257.666 ms (threshold 80.000 ms)
2026-03-09 13:03:20,994 [WARNING] rt_gesture.inference_engine: Transport latency high: 237.926 ms (threshold 5.000 ms)
2026-03-09 13:03:20,994 [WARNING] rt_gesture.inference_engine: Pipeline latency high: 239.324 ms (threshold 80.000 ms)
2026-03-09 13:03:20,996 [WARNING] rt_gesture.inference_engine: Transport latency high: 219.595 ms (threshold 5.000 ms)
2026-03-09 13:03:20,996 [WARNING] rt_gesture.inference_engine: Pipeline latency high: 220.978 ms (threshold 80.000 ms)
2026-03-09 13:03:20,998 [WARNING] rt_gesture.inference_engine: Transport latency high: 201.238 ms (threshold 5.000 ms)
2026-03-09 13:03:20,998 [WARNING] rt_gesture.inference_engine: Pipeline latency high: 202.633 ms (threshold 80.000 ms)
2026-03-09 13:03:20,999 [WARNING] rt_gesture.inference_engine: Transport latency high: 182.892 ms (threshold 5.000 ms)
2026-03-09 13:03:20,999 [WARNING] rt_gesture.inference_engine: Pipeline latency high: 184.286 ms (threshold 80.000 ms)
2026-03-09 13:03:21,001 [WARNING] rt_gesture.inference_engine: Transport latency high: 164.553 ms (threshold 5.000 ms)
2026-03-09 13:03:21,001 [WARNING] rt_gesture.inference_engine: Pipeline latency high: 165.938 ms (threshold 80.000 ms)
2026-03-09 13:03:21,003 [WARNING] rt_gesture.inference_engine: Transport latency high: 146.197 ms (threshold 5.000 ms)
2026-03-09 13:03:21,003 [WARNING] rt_gesture.inference_engine: Pipeline latency high: 147.609 ms (threshold 80.000 ms)
2026-03-09 13:03:21,004 [WARNING] rt_gesture.inference_engine: Transport latency high: 127.870 ms (threshold 5.000 ms)
2026-03-09 13:03:21,004 [WARNING] rt_gesture.inference_engine: Pipeline latency high: 129.271 ms (threshold 80.000 ms)
2026-03-09 13:03:21,006 [WARNING] rt_gesture.inference_engine: Transport latency high: 109.542 ms (threshold 5.000 ms)
2026-03-09 13:03:21,006 [WARNING] rt_gesture.inference_engine: Pipeline latency high: 110.953 ms (threshold 80.000 ms)
2026-03-09 13:03:21,008 [WARNING] rt_gesture.inference_engine: Transport latency high: 91.223 ms (threshold 5.000 ms)
2026-03-09 13:03:21,008 [WARNING] rt_gesture.inference_engine: Pipeline latency high: 92.641 ms (threshold 80.000 ms)
2026-03-09 13:03:21,009 [WARNING] rt_gesture.inference_engine: Transport latency high: 72.902 ms (threshold 5.000 ms)
2026-03-09 13:03:21,011 [WARNING] rt_gesture.inference_engine: Transport latency high: 54.497 ms (threshold 5.000 ms)
2026-03-09 13:03:21,013 [WARNING] rt_gesture.inference_engine: Transport latency high: 36.106 ms (threshold 5.000 ms)
2026-03-09 13:03:21,014 [WARNING] rt_gesture.inference_engine: Transport latency high: 17.682 ms (threshold 5.000 ms)
2026-03-09 13:03:23,914 [INFO] rt_gesture.inference_engine: InferenceEngine received SHUTDOWN
2026-03-09 13:03:23,915 [INFO] rt_gesture.data_simulator: DataSimulator received SHUTDOWN
2026-03-09 13:03:23,915 [INFO] rt_gesture.data_simulator: DataSimulator stopped after 338 chunks (13520/5480192 samples)
