2026-03-09 12:44:41,933 [INFO] rt_gesture.main: RT-Gesture run directory: logs/2026-03-09_12-44-41
2026-03-09 12:44:41,940 [INFO] rt_gesture.main: InferenceEngine started (pid=18722)
2026-03-09 12:44:42,446 [INFO] rt_gesture.main: DataSimulator started (pid=18730)
2026-03-09 12:44:42,779 [INFO] rt_gesture.data_simulator: Loaded HDF5 file /Data/CTRL_LAB/Discrete Gestures/mini/discrete_gestures_user_000_dataset_000.hdf5 with 5480192 samples and 1900 prompts
2026-03-09 12:44:42,779 [INFO] rt_gesture.data_simulator: DataSimulator started
2026-03-09 12:44:45,559 [INFO] rt_gesture.checkpoint_utils: Loaded checkpoint /home/rxb/rt_gesture/workspace/checkpoints/discrete_gestures/model_checkpoint.ckpt with 6482953 parameters on cuda
2026-03-09 12:44:45,561 [INFO] rt_gesture.inference_engine: InferenceEngine started on device=cuda
2026-03-09 12:44:45,580 [WARNING] rt_gesture.zmq_transport: ZMQ port 5575 seq gap: expected=0 got=140 gap=140
2026-03-09 12:44:45,580 [WARNING] rt_gesture.inference_engine: Data interruption detected (sequence gap), resetting states
2026-03-09 12:44:46,497 [WARNING] rt_gesture.inference_engine: Transport latency high: 796.293 ms (threshold 5.000 ms)
2026-03-09 12:44:46,497 [WARNING] rt_gesture.inference_engine: Pipeline latency high: 798.158 ms (threshold 80.000 ms)
2026-03-09 12:44:46,499 [WARNING] rt_gesture.inference_engine: Transport latency high: 778.501 ms (threshold 5.000 ms)
2026-03-09 12:44:46,499 [WARNING] rt_gesture.inference_engine: Pipeline latency high: 779.944 ms (threshold 80.000 ms)
2026-03-09 12:44:46,501 [WARNING] rt_gesture.inference_engine: Transport latency high: 760.210 ms (threshold 5.000 ms)
2026-03-09 12:44:46,501 [WARNING] rt_gesture.inference_engine: Pipeline latency high: 761.634 ms (threshold 80.000 ms)
2026-03-09 12:44:46,502 [WARNING] rt_gesture.inference_engine: Transport latency high: 741.894 ms (threshold 5.000 ms)
2026-03-09 12:44:46,503 [WARNING] rt_gesture.inference_engine: Pipeline latency high: 743.317 ms (threshold 80.000 ms)
2026-03-09 12:44:46,504 [WARNING] rt_gesture.inference_engine: Transport latency high: 723.593 ms (threshold 5.000 ms)
2026-03-09 12:44:46,504 [WARNING] rt_gesture.inference_engine: Pipeline latency high: 725.012 ms (threshold 80.000 ms)
2026-03-09 12:44:46,506 [WARNING] rt_gesture.inference_engine: Transport latency high: 705.272 ms (threshold 5.000 ms)
2026-03-09 12:44:46,506 [WARNING] rt_gesture.inference_engine: Pipeline latency high: 706.700 ms (threshold 80.000 ms)
2026-03-09 12:44:46,508 [WARNING] rt_gesture.inference_engine: Transport latency high: 686.959 ms (threshold 5.000 ms)
2026-03-09 12:44:46,508 [WARNING] rt_gesture.inference_engine: Pipeline latency high: 688.410 ms (threshold 80.000 ms)
2026-03-09 12:44:46,509 [WARNING] rt_gesture.inference_engine: Transport latency high: 668.672 ms (threshold 5.000 ms)
2026-03-09 12:44:46,509 [WARNING] rt_gesture.inference_engine: Pipeline latency high: 670.094 ms (threshold 80.000 ms)
2026-03-09 12:44:46,511 [WARNING] rt_gesture.inference_engine: Transport latency high: 650.353 ms (threshold 5.000 ms)
2026-03-09 12:44:46,511 [WARNING] rt_gesture.inference_engine: Pipeline latency high: 651.779 ms (threshold 80.000 ms)
2026-03-09 12:44:46,513 [WARNING] rt_gesture.inference_engine: Transport latency high: 632.040 ms (threshold 5.000 ms)
2026-03-09 12:44:46,513 [WARNING] rt_gesture.inference_engine: Pipeline latency high: 633.464 ms (threshold 80.000 ms)
2026-03-09 12:44:46,514 [WARNING] rt_gesture.inference_engine: Transport latency high: 613.727 ms (threshold 5.000 ms)
2026-03-09 12:44:46,514 [WARNING] rt_gesture.inference_engine: Pipeline latency high: 615.146 ms (threshold 80.000 ms)
2026-03-09 12:44:46,516 [WARNING] rt_gesture.inference_engine: Transport latency high: 595.418 ms (threshold 5.000 ms)
2026-03-09 12:44:46,516 [WARNING] rt_gesture.inference_engine: Pipeline latency high: 596.839 ms (threshold 80.000 ms)
2026-03-09 12:44:46,518 [WARNING] rt_gesture.inference_engine: Transport latency high: 577.099 ms (threshold 5.000 ms)
2026-03-09 12:44:46,518 [WARNING] rt_gesture.inference_engine: Pipeline latency high: 578.521 ms (threshold 80.000 ms)
2026-03-09 12:44:46,519 [WARNING] rt_gesture.inference_engine: Transport latency high: 558.794 ms (threshold 5.000 ms)
2026-03-09 12:44:46,519 [WARNING] rt_gesture.inference_engine: Pipeline latency high: 560.226 ms (threshold 80.000 ms)
2026-03-09 12:44:46,521 [WARNING] rt_gesture.inference_engine: Transport latency high: 540.486 ms (threshold 5.000 ms)
2026-03-09 12:44:46,521 [WARNING] rt_gesture.inference_engine: Pipeline latency high: 541.893 ms (threshold 80.000 ms)
2026-03-09 12:44:46,523 [WARNING] rt_gesture.inference_engine: Transport latency high: 522.155 ms (threshold 5.000 ms)
2026-03-09 12:44:46,523 [WARNING] rt_gesture.inference_engine: Pipeline latency high: 523.588 ms (threshold 80.000 ms)
2026-03-09 12:44:46,524 [WARNING] rt_gesture.inference_engine: Transport latency high: 503.847 ms (threshold 5.000 ms)
2026-03-09 12:44:46,525 [WARNING] rt_gesture.inference_engine: Pipeline latency high: 505.276 ms (threshold 80.000 ms)
2026-03-09 12:44:46,526 [WARNING] rt_gesture.inference_engine: Transport latency high: 485.536 ms (threshold 5.000 ms)
2026-03-09 12:44:46,526 [WARNING] rt_gesture.inference_engine: Pipeline latency high: 486.947 ms (threshold 80.000 ms)
2026-03-09 12:44:46,528 [WARNING] rt_gesture.inference_engine: Transport latency high: 467.208 ms (threshold 5.000 ms)
2026-03-09 12:44:46,528 [WARNING] rt_gesture.inference_engine: Pipeline latency high: 468.648 ms (threshold 80.000 ms)
2026-03-09 12:44:46,529 [WARNING] rt_gesture.inference_engine: Transport latency high: 448.911 ms (threshold 5.000 ms)
2026-03-09 12:44:46,530 [WARNING] rt_gesture.inference_engine: Pipeline latency high: 450.327 ms (threshold 80.000 ms)
2026-03-09 12:44:46,531 [WARNING] rt_gesture.inference_engine: Transport latency high: 430.587 ms (threshold 5.000 ms)
2026-03-09 12:44:46,531 [WARNING] rt_gesture.inference_engine: Pipeline latency high: 432.026 ms (threshold 80.000 ms)
2026-03-09 12:44:46,533 [WARNING] rt_gesture.inference_engine: Transport latency high: 412.287 ms (threshold 5.000 ms)
2026-03-09 12:44:46,533 [WARNING] rt_gesture.inference_engine: Pipeline latency high: 413.707 ms (threshold 80.000 ms)
2026-03-09 12:44:46,535 [WARNING] rt_gesture.inference_engine: Transport latency high: 393.967 ms (threshold 5.000 ms)
2026-03-09 12:44:46,535 [WARNING] rt_gesture.inference_engine: Pipeline latency high: 395.396 ms (threshold 80.000 ms)
2026-03-09 12:44:46,536 [WARNING] rt_gesture.inference_engine: Transport latency high: 375.658 ms (threshold 5.000 ms)
2026-03-09 12:44:46,536 [WARNING] rt_gesture.inference_engine: Pipeline latency high: 377.071 ms (threshold 80.000 ms)
2026-03-09 12:44:46,538 [WARNING] rt_gesture.inference_engine: Transport latency high: 357.333 ms (threshold 5.000 ms)
2026-03-09 12:44:46,538 [WARNING] rt_gesture.inference_engine: Pipeline latency high: 358.754 ms (threshold 80.000 ms)
2026-03-09 12:44:46,540 [WARNING] rt_gesture.inference_engine: Transport latency high: 339.011 ms (threshold 5.000 ms)
2026-03-09 12:44:46,540 [WARNING] rt_gesture.inference_engine: Pipeline latency high: 340.454 ms (threshold 80.000 ms)
2026-03-09 12:44:46,541 [WARNING] rt_gesture.inference_engine: Transport latency high: 320.714 ms (threshold 5.000 ms)
2026-03-09 12:44:46,541 [WARNING] rt_gesture.inference_engine: Pipeline latency high: 322.125 ms (threshold 80.000 ms)
2026-03-09 12:44:46,543 [WARNING] rt_gesture.inference_engine: Transport latency high: 302.386 ms (threshold 5.000 ms)
2026-03-09 12:44:46,543 [WARNING] rt_gesture.inference_engine: Pipeline latency high: 303.818 ms (threshold 80.000 ms)
2026-03-09 12:44:46,545 [WARNING] rt_gesture.inference_engine: Transport latency high: 284.079 ms (threshold 5.000 ms)
2026-03-09 12:44:46,545 [WARNING] rt_gesture.inference_engine: Pipeline latency high: 285.488 ms (threshold 80.000 ms)
2026-03-09 12:44:46,546 [WARNING] rt_gesture.inference_engine: Transport latency high: 265.747 ms (threshold 5.000 ms)
2026-03-09 12:44:46,546 [WARNING] rt_gesture.inference_engine: Pipeline latency high: 267.168 ms (threshold 80.000 ms)
2026-03-09 12:44:46,548 [WARNING] rt_gesture.inference_engine: Transport latency high: 247.451 ms (threshold 5.000 ms)
2026-03-09 12:44:46,548 [WARNING] rt_gesture.inference_engine: Pipeline latency high: 248.870 ms (threshold 80.000 ms)
2026-03-09 12:44:46,550 [WARNING] rt_gesture.inference_engine: Transport latency high: 229.130 ms (threshold 5.000 ms)
2026-03-09 12:44:46,550 [WARNING] rt_gesture.inference_engine: Pipeline latency high: 230.555 ms (threshold 80.000 ms)
2026-03-09 12:44:46,551 [WARNING] rt_gesture.inference_engine: Transport latency high: 210.816 ms (threshold 5.000 ms)
2026-03-09 12:44:46,551 [WARNING] rt_gesture.inference_engine: Pipeline latency high: 212.244 ms (threshold 80.000 ms)
2026-03-09 12:44:46,553 [WARNING] rt_gesture.inference_engine: Transport latency high: 192.503 ms (threshold 5.000 ms)
2026-03-09 12:44:46,553 [WARNING] rt_gesture.inference_engine: Pipeline latency high: 193.916 ms (threshold 80.000 ms)
2026-03-09 12:44:46,555 [WARNING] rt_gesture.inference_engine: Transport latency high: 174.177 ms (threshold 5.000 ms)
2026-03-09 12:44:46,555 [WARNING] rt_gesture.inference_engine: Pipeline latency high: 175.622 ms (threshold 80.000 ms)
2026-03-09 12:44:46,556 [WARNING] rt_gesture.inference_engine: Transport latency high: 155.883 ms (threshold 5.000 ms)
2026-03-09 12:44:46,557 [WARNING] rt_gesture.inference_engine: Pipeline latency high: 157.305 ms (threshold 80.000 ms)
2026-03-09 12:44:46,558 [WARNING] rt_gesture.inference_engine: Transport latency high: 137.563 ms (threshold 5.000 ms)
2026-03-09 12:44:46,558 [WARNING] rt_gesture.inference_engine: Pipeline latency high: 138.973 ms (threshold 80.000 ms)
2026-03-09 12:44:46,560 [WARNING] rt_gesture.inference_engine: Transport latency high: 119.234 ms (threshold 5.000 ms)
2026-03-09 12:44:46,560 [WARNING] rt_gesture.inference_engine: Pipeline latency high: 120.660 ms (threshold 80.000 ms)
2026-03-09 12:44:46,561 [WARNING] rt_gesture.inference_engine: Transport latency high: 100.922 ms (threshold 5.000 ms)
2026-03-09 12:44:46,562 [WARNING] rt_gesture.inference_engine: Pipeline latency high: 102.345 ms (threshold 80.000 ms)
2026-03-09 12:44:46,565 [WARNING] rt_gesture.inference_engine: Transport latency high: 82.628 ms (threshold 5.000 ms)
2026-03-09 12:44:46,565 [WARNING] rt_gesture.inference_engine: Pipeline latency high: 85.733 ms (threshold 80.000 ms)
2026-03-09 12:44:46,567 [WARNING] rt_gesture.inference_engine: Transport latency high: 65.999 ms (threshold 5.000 ms)
2026-03-09 12:44:46,568 [WARNING] rt_gesture.inference_engine: Transport latency high: 47.684 ms (threshold 5.000 ms)
2026-03-09 12:44:46,570 [WARNING] rt_gesture.inference_engine: Transport latency high: 29.292 ms (threshold 5.000 ms)
2026-03-09 12:44:46,571 [WARNING] rt_gesture.inference_engine: Transport latency high: 10.884 ms (threshold 5.000 ms)
2026-03-09 12:44:54,760 [INFO] rt_gesture.data_simulator: DataSimulator stopped after 600 chunks (24000/5480192 samples)
2026-03-09 12:44:54,796 [INFO] rt_gesture.main: DataSimulator exited
2026-03-09 12:44:54,898 [INFO] rt_gesture.inference_engine: InferenceEngine received SHUTDOWN
2026-03-09 12:44:55,127 [INFO] rt_gesture.main: RT-Gesture shutdown complete
