2026-03-09 13:02:50,958 [INFO] rt_gesture.main: RT-Gesture run directory: logs/2026-03-09_13-02-50
2026-03-09 13:02:50,966 [INFO] rt_gesture.main: InferenceEngine started (pid=20043)
2026-03-09 13:02:51,473 [INFO] rt_gesture.main: DataSimulator started (pid=20051)
2026-03-09 13:02:51,796 [INFO] rt_gesture.data_simulator: Loaded HDF5 file /Data/CTRL_LAB/Discrete Gestures/mini/discrete_gestures_user_000_dataset_000.hdf5 with 5480192 samples and 1900 prompts
2026-03-09 13:02:51,796 [INFO] rt_gesture.data_simulator: DataSimulator started
2026-03-09 13:02:54,583 [INFO] rt_gesture.checkpoint_utils: Loaded checkpoint /home/rxb/rt_gesture/workspace/checkpoints/discrete_gestures/model_checkpoint.ckpt with 6482953 parameters on cuda
2026-03-09 13:02:54,585 [INFO] rt_gesture.inference_engine: InferenceEngine started on device=cuda
2026-03-09 13:02:54,597 [WARNING] rt_gesture.zmq_transport: ZMQ port 5625 seq gap: expected=0 got=140 gap=140
2026-03-09 13:02:54,598 [WARNING] rt_gesture.inference_engine: Data interruption detected (sequence gap), resetting states
2026-03-09 13:02:55,518 [WARNING] rt_gesture.inference_engine: Transport latency high: 799.441 ms (threshold 5.000 ms)
2026-03-09 13:02:55,518 [WARNING] rt_gesture.inference_engine: Pipeline latency high: 801.263 ms (threshold 80.000 ms)
2026-03-09 13:02:55,520 [WARNING] rt_gesture.inference_engine: Transport latency high: 781.674 ms (threshold 5.000 ms)
2026-03-09 13:02:55,520 [WARNING] rt_gesture.inference_engine: Pipeline latency high: 783.081 ms (threshold 80.000 ms)
2026-03-09 13:02:55,521 [WARNING] rt_gesture.inference_engine: Transport latency high: 763.344 ms (threshold 5.000 ms)
2026-03-09 13:02:55,521 [WARNING] rt_gesture.inference_engine: Pipeline latency high: 764.724 ms (threshold 80.000 ms)
2026-03-09 13:02:55,523 [WARNING] rt_gesture.inference_engine: Transport latency high: 744.986 ms (threshold 5.000 ms)
2026-03-09 13:02:55,523 [WARNING] rt_gesture.inference_engine: Pipeline latency high: 746.386 ms (threshold 80.000 ms)
2026-03-09 13:02:55,525 [WARNING] rt_gesture.inference_engine: Transport latency high: 726.650 ms (threshold 5.000 ms)
2026-03-09 13:02:55,525 [WARNING] rt_gesture.inference_engine: Pipeline latency high: 728.026 ms (threshold 80.000 ms)
2026-03-09 13:02:55,526 [WARNING] rt_gesture.inference_engine: Transport latency high: 708.287 ms (threshold 5.000 ms)
2026-03-09 13:02:55,526 [WARNING] rt_gesture.inference_engine: Pipeline latency high: 709.678 ms (threshold 80.000 ms)
2026-03-09 13:02:55,528 [WARNING] rt_gesture.inference_engine: Transport latency high: 689.948 ms (threshold 5.000 ms)
2026-03-09 13:02:55,528 [WARNING] rt_gesture.inference_engine: Pipeline latency high: 691.329 ms (threshold 80.000 ms)
2026-03-09 13:02:55,530 [WARNING] rt_gesture.inference_engine: Transport latency high: 671.592 ms (threshold 5.000 ms)
2026-03-09 13:02:55,530 [WARNING] rt_gesture.inference_engine: Pipeline latency high: 672.978 ms (threshold 80.000 ms)
2026-03-09 13:02:55,531 [WARNING] rt_gesture.inference_engine: Transport latency high: 653.241 ms (threshold 5.000 ms)
2026-03-09 13:02:55,531 [WARNING] rt_gesture.inference_engine: Pipeline latency high: 654.638 ms (threshold 80.000 ms)
2026-03-09 13:02:55,533 [WARNING] rt_gesture.inference_engine: Transport latency high: 634.901 ms (threshold 5.000 ms)
2026-03-09 13:02:55,533 [WARNING] rt_gesture.inference_engine: Pipeline latency high: 636.271 ms (threshold 80.000 ms)
2026-03-09 13:02:55,535 [WARNING] rt_gesture.inference_engine: Transport latency high: 616.532 ms (threshold 5.000 ms)
2026-03-09 13:02:55,535 [WARNING] rt_gesture.inference_engine: Pipeline latency high: 617.917 ms (threshold 80.000 ms)
2026-03-09 13:02:55,536 [WARNING] rt_gesture.inference_engine: Transport latency high: 598.181 ms (threshold 5.000 ms)
2026-03-09 13:02:55,536 [WARNING] rt_gesture.inference_engine: Pipeline latency high: 599.557 ms (threshold 80.000 ms)
2026-03-09 13:02:55,538 [WARNING] rt_gesture.inference_engine: Transport latency high: 579.816 ms (threshold 5.000 ms)
2026-03-09 13:02:55,538 [WARNING] rt_gesture.inference_engine: Pipeline latency high: 581.198 ms (threshold 80.000 ms)
2026-03-09 13:02:55,539 [WARNING] rt_gesture.inference_engine: Transport latency high: 561.482 ms (threshold 5.000 ms)
2026-03-09 13:02:55,540 [WARNING] rt_gesture.inference_engine: Pipeline latency high: 562.872 ms (threshold 80.000 ms)
2026-03-09 13:02:55,541 [WARNING] rt_gesture.inference_engine: Transport latency high: 543.134 ms (threshold 5.000 ms)
2026-03-09 13:02:55,541 [WARNING] rt_gesture.inference_engine: Pipeline latency high: 544.522 ms (threshold 80.000 ms)
2026-03-09 13:02:55,543 [WARNING] rt_gesture.inference_engine: Transport latency high: 524.779 ms (threshold 5.000 ms)
2026-03-09 13:02:55,543 [WARNING] rt_gesture.inference_engine: Pipeline latency high: 526.162 ms (threshold 80.000 ms)
2026-03-09 13:02:55,544 [WARNING] rt_gesture.inference_engine: Transport latency high: 506.423 ms (threshold 5.000 ms)
2026-03-09 13:02:55,545 [WARNING] rt_gesture.inference_engine: Pipeline latency high: 507.808 ms (threshold 80.000 ms)
2026-03-09 13:02:55,546 [WARNING] rt_gesture.inference_engine: Transport latency high: 488.065 ms (threshold 5.000 ms)
2026-03-09 13:02:55,546 [WARNING] rt_gesture.inference_engine: Pipeline latency high: 489.441 ms (threshold 80.000 ms)
2026-03-09 13:02:55,548 [WARNING] rt_gesture.inference_engine: Transport latency high: 469.701 ms (threshold 5.000 ms)
2026-03-09 13:02:55,548 [WARNING] rt_gesture.inference_engine: Pipeline latency high: 471.112 ms (threshold 80.000 ms)
2026-03-09 13:02:55,549 [WARNING] rt_gesture.inference_engine: Transport latency high: 451.372 ms (threshold 5.000 ms)
2026-03-09 13:02:55,549 [WARNING] rt_gesture.inference_engine: Pipeline latency high: 452.743 ms (threshold 80.000 ms)
2026-03-09 13:02:55,551 [WARNING] rt_gesture.inference_engine: Transport latency high: 433.002 ms (threshold 5.000 ms)
2026-03-09 13:02:55,551 [WARNING] rt_gesture.inference_engine: Pipeline latency high: 434.400 ms (threshold 80.000 ms)
2026-03-09 13:02:55,553 [WARNING] rt_gesture.inference_engine: Transport latency high: 414.661 ms (threshold 5.000 ms)
2026-03-09 13:02:55,553 [WARNING] rt_gesture.inference_engine: Pipeline latency high: 416.034 ms (threshold 80.000 ms)
2026-03-09 13:02:55,554 [WARNING] rt_gesture.inference_engine: Transport latency high: 396.296 ms (threshold 5.000 ms)
2026-03-09 13:02:55,554 [WARNING] rt_gesture.inference_engine: Pipeline latency high: 397.676 ms (threshold 80.000 ms)
2026-03-09 13:02:55,556 [WARNING] rt_gesture.inference_engine: Transport latency high: 377.947 ms (threshold 5.000 ms)
2026-03-09 13:02:55,556 [WARNING] rt_gesture.inference_engine: Pipeline latency high: 379.312 ms (threshold 80.000 ms)
2026-03-09 13:02:55,558 [WARNING] rt_gesture.inference_engine: Transport latency high: 359.574 ms (threshold 5.000 ms)
2026-03-09 13:02:55,558 [WARNING] rt_gesture.inference_engine: Pipeline latency high: 360.954 ms (threshold 80.000 ms)
2026-03-09 13:02:55,559 [WARNING] rt_gesture.inference_engine: Transport latency high: 341.214 ms (threshold 5.000 ms)
2026-03-09 13:02:55,559 [WARNING] rt_gesture.inference_engine: Pipeline latency high: 342.609 ms (threshold 80.000 ms)
2026-03-09 13:02:55,561 [WARNING] rt_gesture.inference_engine: Transport latency high: 322.873 ms (threshold 5.000 ms)
2026-03-09 13:02:55,561 [WARNING] rt_gesture.inference_engine: Pipeline latency high: 324.246 ms (threshold 80.000 ms)
2026-03-09 13:02:55,563 [WARNING] rt_gesture.inference_engine: Transport latency high: 304.506 ms (threshold 5.000 ms)
2026-03-09 13:02:55,563 [WARNING] rt_gesture.inference_engine: Pipeline latency high: 305.909 ms (threshold 80.000 ms)
2026-03-09 13:02:55,564 [WARNING] rt_gesture.inference_engine: Transport latency high: 286.173 ms (threshold 5.000 ms)
2026-03-09 13:02:55,564 [WARNING] rt_gesture.inference_engine: Pipeline latency high: 287.541 ms (threshold 80.000 ms)
2026-03-09 13:02:55,566 [WARNING] rt_gesture.inference_engine: Transport latency high: 267.801 ms (threshold 5.000 ms)
2026-03-09 13:02:55,566 [WARNING] rt_gesture.inference_engine: Pipeline latency high: 269.183 ms (threshold 80.000 ms)
2026-03-09 13:02:55,567 [WARNING] rt_gesture.inference_engine: Transport latency high: 249.459 ms (threshold 5.000 ms)
2026-03-09 13:02:55,568 [WARNING] rt_gesture.inference_engine: Pipeline latency high: 250.839 ms (threshold 80.000 ms)
2026-03-09 13:02:55,569 [WARNING] rt_gesture.inference_engine: Transport latency high: 231.103 ms (threshold 5.000 ms)
2026-03-09 13:02:55,569 [WARNING] rt_gesture.inference_engine: Pipeline latency high: 232.478 ms (threshold 80.000 ms)
2026-03-09 13:02:55,571 [WARNING] rt_gesture.inference_engine: Transport latency high: 212.739 ms (threshold 5.000 ms)
2026-03-09 13:02:55,571 [WARNING] rt_gesture.inference_engine: Pipeline latency high: 214.130 ms (threshold 80.000 ms)
2026-03-09 13:02:55,572 [WARNING] rt_gesture.inference_engine: Transport latency high: 194.391 ms (threshold 5.000 ms)
2026-03-09 13:02:55,572 [WARNING] rt_gesture.inference_engine: Pipeline latency high: 195.779 ms (threshold 80.000 ms)
2026-03-09 13:02:55,574 [WARNING] rt_gesture.inference_engine: Transport latency high: 176.040 ms (threshold 5.000 ms)
2026-03-09 13:02:55,574 [WARNING] rt_gesture.inference_engine: Pipeline latency high: 177.419 ms (threshold 80.000 ms)
2026-03-09 13:02:55,577 [WARNING] rt_gesture.inference_engine: Transport latency high: 157.678 ms (threshold 5.000 ms)
2026-03-09 13:02:55,578 [WARNING] rt_gesture.inference_engine: Pipeline latency high: 160.884 ms (threshold 80.000 ms)
2026-03-09 13:02:55,579 [WARNING] rt_gesture.inference_engine: Transport latency high: 141.150 ms (threshold 5.000 ms)
2026-03-09 13:02:55,579 [WARNING] rt_gesture.inference_engine: Pipeline latency high: 142.540 ms (threshold 80.000 ms)
2026-03-09 13:02:55,581 [WARNING] rt_gesture.inference_engine: Transport latency high: 122.798 ms (threshold 5.000 ms)
2026-03-09 13:02:55,581 [WARNING] rt_gesture.inference_engine: Pipeline latency high: 124.186 ms (threshold 80.000 ms)
2026-03-09 13:02:55,582 [WARNING] rt_gesture.inference_engine: Transport latency high: 104.450 ms (threshold 5.000 ms)
2026-03-09 13:02:55,583 [WARNING] rt_gesture.inference_engine: Pipeline latency high: 105.834 ms (threshold 80.000 ms)
2026-03-09 13:02:55,584 [WARNING] rt_gesture.inference_engine: Transport latency high: 86.106 ms (threshold 5.000 ms)
2026-03-09 13:02:55,584 [WARNING] rt_gesture.inference_engine: Pipeline latency high: 87.487 ms (threshold 80.000 ms)
2026-03-09 13:02:55,586 [WARNING] rt_gesture.inference_engine: Transport latency high: 67.744 ms (threshold 5.000 ms)
2026-03-09 13:02:55,587 [WARNING] rt_gesture.inference_engine: Transport latency high: 49.329 ms (threshold 5.000 ms)
2026-03-09 13:02:55,589 [WARNING] rt_gesture.inference_engine: Transport latency high: 30.889 ms (threshold 5.000 ms)
2026-03-09 13:02:55,590 [WARNING] rt_gesture.inference_engine: Transport latency high: 12.454 ms (threshold 5.000 ms)
2026-03-09 13:02:55,808 [INFO] rt_gesture.inference_engine: InferenceEngine received signal 15
2026-03-09 13:02:55,808 [INFO] rt_gesture.data_simulator: DataSimulator received signal 15
2026-03-09 13:02:55,817 [INFO] rt_gesture.data_simulator: DataSimulator stopped after 201 chunks (8040/5480192 samples)
