Traceback (most recent call last):
  File "/home/rxb/rt_gesture/workspace/scripts/run_training.py", line 17, in <module>
    raise SystemExit(main())
  File "/home/rxb/rt_gesture/workspace/rt_gesture/train.py", line 357, in main
    summary = train_discrete_gestures(config)
  File "/home/rxb/rt_gesture/workspace/rt_gesture/train.py", line 251, in train_discrete_gestures
    train_loader, val_loader, _ = make_discrete_gesture_dataloaders(config.data)
  File "/home/rxb/rt_gesture/workspace/rt_gesture/data.py", line 278, in make_discrete_gesture_dataloaders
    split = load_data_split(config.split_csv, pool_test_partitions=config.pool_test_partitions)
  File "/home/rxb/rt_gesture/workspace/rt_gesture/data.py", line 271, in load_data_split
    return DataSplit.from_csv(str(split_csv), pool_test_partitions=pool_test_partitions)
  File "/home/rxb/rt_gesture/workspace/rt_gesture/data.py", line 61, in from_csv
    df = pd.read_csv(csv_filename)
  File "/home/rxb/.conda/envs/torch2.0.1/lib/python3.10/site-packages/pandas/io/parsers/readers.py", line 1026, in read_csv
    return _read(filepath_or_buffer, kwds)
  File "/home/rxb/.conda/envs/torch2.0.1/lib/python3.10/site-packages/pandas/io/parsers/readers.py", line 620, in _read
    parser = TextFileReader(filepath_or_buffer, **kwds)
  File "/home/rxb/.conda/envs/torch2.0.1/lib/python3.10/site-packages/pandas/io/parsers/readers.py", line 1620, in __init__
    self._engine = self._make_engine(f, self.engine)
  File "/home/rxb/.conda/envs/torch2.0.1/lib/python3.10/site-packages/pandas/io/parsers/readers.py", line 1880, in _make_engine
    self.handles = get_handle(
  File "/home/rxb/.conda/envs/torch2.0.1/lib/python3.10/site-packages/pandas/io/common.py", line 873, in get_handle
    handle = open(
FileNotFoundError: [Errno 2] No such file or directory: '/mnt/data/Dataset/generic-neuromotor-interface-data/Discrete Gestures/full/discrete_gestures_corpus.csv'
