2026-03-09 12:59:41,099 [INFO] rt_gesture.main: RT-Gesture run directory: logs/2026-03-09_12-59-41
2026-03-09 12:59:41,106 [INFO] rt_gesture.main: InferenceEngine started (pid=19526)
2026-03-09 12:59:41,614 [INFO] rt_gesture.main: DataSimulator started (pid=19534)
2026-03-09 12:59:41,983 [INFO] rt_gesture.data_simulator: Loaded HDF5 file /Data/CTRL_LAB/Discrete Gestures/mini/discrete_gestures_user_000_dataset_000.hdf5 with 5480192 samples and 1900 prompts
2026-03-09 12:59:41,984 [INFO] rt_gesture.data_simulator: DataSimulator started
2026-03-09 12:59:44,797 [INFO] rt_gesture.checkpoint_utils: Loaded checkpoint /home/rxb/rt_gesture/workspace/checkpoints/discrete_gestures/model_checkpoint.ckpt with 6482953 parameters on cuda
2026-03-09 12:59:44,799 [INFO] rt_gesture.inference_engine: InferenceEngine started on device=cuda
2026-03-09 12:59:44,804 [WARNING] rt_gesture.zmq_transport: ZMQ port 5625 seq gap: expected=0 got=141 gap=141
2026-03-09 12:59:44,805 [WARNING] rt_gesture.inference_engine: Data interruption detected (sequence gap), resetting states
2026-03-09 12:59:45,745 [WARNING] rt_gesture.inference_engine: Transport latency high: 819.672 ms (threshold 5.000 ms)
2026-03-09 12:59:45,746 [WARNING] rt_gesture.inference_engine: Pipeline latency high: 821.457 ms (threshold 80.000 ms)
2026-03-09 12:59:45,747 [WARNING] rt_gesture.inference_engine: Transport latency high: 801.866 ms (threshold 5.000 ms)
2026-03-09 12:59:45,747 [WARNING] rt_gesture.inference_engine: Pipeline latency high: 803.276 ms (threshold 80.000 ms)
2026-03-09 12:59:45,749 [WARNING] rt_gesture.inference_engine: Transport latency high: 783.571 ms (threshold 5.000 ms)
2026-03-09 12:59:45,749 [WARNING] rt_gesture.inference_engine: Pipeline latency high: 784.940 ms (threshold 80.000 ms)
2026-03-09 12:59:45,750 [WARNING] rt_gesture.inference_engine: Transport latency high: 765.223 ms (threshold 5.000 ms)
2026-03-09 12:59:45,751 [WARNING] rt_gesture.inference_engine: Pipeline latency high: 766.593 ms (threshold 80.000 ms)
2026-03-09 12:59:45,752 [WARNING] rt_gesture.inference_engine: Transport latency high: 746.890 ms (threshold 5.000 ms)
2026-03-09 12:59:45,752 [WARNING] rt_gesture.inference_engine: Pipeline latency high: 748.264 ms (threshold 80.000 ms)
2026-03-09 12:59:45,754 [WARNING] rt_gesture.inference_engine: Transport latency high: 728.551 ms (threshold 5.000 ms)
2026-03-09 12:59:45,754 [WARNING] rt_gesture.inference_engine: Pipeline latency high: 729.947 ms (threshold 80.000 ms)
2026-03-09 12:59:45,755 [WARNING] rt_gesture.inference_engine: Transport latency high: 710.232 ms (threshold 5.000 ms)
2026-03-09 12:59:45,756 [WARNING] rt_gesture.inference_engine: Pipeline latency high: 711.626 ms (threshold 80.000 ms)
2026-03-09 12:59:45,757 [WARNING] rt_gesture.inference_engine: Transport latency high: 691.912 ms (threshold 5.000 ms)
2026-03-09 12:59:45,757 [WARNING] rt_gesture.inference_engine: Pipeline latency high: 693.285 ms (threshold 80.000 ms)
2026-03-09 12:59:45,759 [WARNING] rt_gesture.inference_engine: Transport latency high: 673.566 ms (threshold 5.000 ms)
2026-03-09 12:59:45,759 [WARNING] rt_gesture.inference_engine: Pipeline latency high: 674.945 ms (threshold 80.000 ms)
2026-03-09 12:59:45,760 [WARNING] rt_gesture.inference_engine: Transport latency high: 655.231 ms (threshold 5.000 ms)
2026-03-09 12:59:45,761 [WARNING] rt_gesture.inference_engine: Pipeline latency high: 656.600 ms (threshold 80.000 ms)
2026-03-09 12:59:45,762 [WARNING] rt_gesture.inference_engine: Transport latency high: 636.884 ms (threshold 5.000 ms)
2026-03-09 12:59:45,762 [WARNING] rt_gesture.inference_engine: Pipeline latency high: 638.262 ms (threshold 80.000 ms)
2026-03-09 12:59:45,764 [WARNING] rt_gesture.inference_engine: Transport latency high: 618.539 ms (threshold 5.000 ms)
2026-03-09 12:59:45,764 [WARNING] rt_gesture.inference_engine: Pipeline latency high: 619.922 ms (threshold 80.000 ms)
2026-03-09 12:59:45,765 [WARNING] rt_gesture.inference_engine: Transport latency high: 600.216 ms (threshold 5.000 ms)
2026-03-09 12:59:45,766 [WARNING] rt_gesture.inference_engine: Pipeline latency high: 601.594 ms (threshold 80.000 ms)
2026-03-09 12:59:45,767 [WARNING] rt_gesture.inference_engine: Transport latency high: 581.904 ms (threshold 5.000 ms)
2026-03-09 12:59:45,767 [WARNING] rt_gesture.inference_engine: Pipeline latency high: 583.300 ms (threshold 80.000 ms)
2026-03-09 12:59:45,769 [WARNING] rt_gesture.inference_engine: Transport latency high: 563.595 ms (threshold 5.000 ms)
2026-03-09 12:59:45,769 [WARNING] rt_gesture.inference_engine: Pipeline latency high: 564.973 ms (threshold 80.000 ms)
2026-03-09 12:59:45,771 [WARNING] rt_gesture.inference_engine: Transport latency high: 545.254 ms (threshold 5.000 ms)
2026-03-09 12:59:45,771 [WARNING] rt_gesture.inference_engine: Pipeline latency high: 546.645 ms (threshold 80.000 ms)
2026-03-09 12:59:45,772 [WARNING] rt_gesture.inference_engine: Transport latency high: 526.932 ms (threshold 5.000 ms)
2026-03-09 12:59:45,772 [WARNING] rt_gesture.inference_engine: Pipeline latency high: 528.314 ms (threshold 80.000 ms)
2026-03-09 12:59:45,774 [WARNING] rt_gesture.inference_engine: Transport latency high: 508.601 ms (threshold 5.000 ms)
2026-03-09 12:59:45,774 [WARNING] rt_gesture.inference_engine: Pipeline latency high: 509.963 ms (threshold 80.000 ms)
2026-03-09 12:59:45,776 [WARNING] rt_gesture.inference_engine: Transport latency high: 490.244 ms (threshold 5.000 ms)
2026-03-09 12:59:45,776 [WARNING] rt_gesture.inference_engine: Pipeline latency high: 491.637 ms (threshold 80.000 ms)
2026-03-09 12:59:45,777 [WARNING] rt_gesture.inference_engine: Transport latency high: 471.924 ms (threshold 5.000 ms)
2026-03-09 12:59:45,777 [WARNING] rt_gesture.inference_engine: Pipeline latency high: 473.307 ms (threshold 80.000 ms)
2026-03-09 12:59:45,779 [WARNING] rt_gesture.inference_engine: Transport latency high: 453.591 ms (threshold 5.000 ms)
2026-03-09 12:59:45,779 [WARNING] rt_gesture.inference_engine: Pipeline latency high: 454.989 ms (threshold 80.000 ms)
2026-03-09 12:59:45,781 [WARNING] rt_gesture.inference_engine: Transport latency high: 435.277 ms (threshold 5.000 ms)
2026-03-09 12:59:45,781 [WARNING] rt_gesture.inference_engine: Pipeline latency high: 436.651 ms (threshold 80.000 ms)
2026-03-09 12:59:45,782 [WARNING] rt_gesture.inference_engine: Transport latency high: 416.937 ms (threshold 5.000 ms)
2026-03-09 12:59:45,782 [WARNING] rt_gesture.inference_engine: Pipeline latency high: 418.312 ms (threshold 80.000 ms)
2026-03-09 12:59:45,784 [WARNING] rt_gesture.inference_engine: Transport latency high: 398.594 ms (threshold 5.000 ms)
2026-03-09 12:59:45,784 [WARNING] rt_gesture.inference_engine: Pipeline latency high: 399.982 ms (threshold 80.000 ms)
2026-03-09 12:59:45,786 [WARNING] rt_gesture.inference_engine: Transport latency high: 380.270 ms (threshold 5.000 ms)
2026-03-09 12:59:45,786 [WARNING] rt_gesture.inference_engine: Pipeline latency high: 381.651 ms (threshold 80.000 ms)
2026-03-09 12:59:45,787 [WARNING] rt_gesture.inference_engine: Transport latency high: 361.938 ms (threshold 5.000 ms)
2026-03-09 12:59:45,787 [WARNING] rt_gesture.inference_engine: Pipeline latency high: 363.329 ms (threshold 80.000 ms)
2026-03-09 12:59:45,789 [WARNING] rt_gesture.inference_engine: Transport latency high: 343.616 ms (threshold 5.000 ms)
2026-03-09 12:59:45,789 [WARNING] rt_gesture.inference_engine: Pipeline latency high: 344.996 ms (threshold 80.000 ms)
2026-03-09 12:59:45,791 [WARNING] rt_gesture.inference_engine: Transport latency high: 325.281 ms (threshold 5.000 ms)
2026-03-09 12:59:45,791 [WARNING] rt_gesture.inference_engine: Pipeline latency high: 326.671 ms (threshold 80.000 ms)
2026-03-09 12:59:45,792 [WARNING] rt_gesture.inference_engine: Transport latency high: 306.957 ms (threshold 5.000 ms)
2026-03-09 12:59:45,792 [WARNING] rt_gesture.inference_engine: Pipeline latency high: 308.328 ms (threshold 80.000 ms)
2026-03-09 12:59:45,794 [WARNING] rt_gesture.inference_engine: Transport latency high: 288.613 ms (threshold 5.000 ms)
2026-03-09 12:59:45,794 [WARNING] rt_gesture.inference_engine: Pipeline latency high: 289.984 ms (threshold 80.000 ms)
2026-03-09 12:59:45,796 [WARNING] rt_gesture.inference_engine: Transport latency high: 270.287 ms (threshold 5.000 ms)
2026-03-09 12:59:45,796 [WARNING] rt_gesture.inference_engine: Pipeline latency high: 271.669 ms (threshold 80.000 ms)
2026-03-09 12:59:45,797 [WARNING] rt_gesture.inference_engine: Transport latency high: 251.955 ms (threshold 5.000 ms)
2026-03-09 12:59:45,797 [WARNING] rt_gesture.inference_engine: Pipeline latency high: 253.329 ms (threshold 80.000 ms)
2026-03-09 12:59:45,799 [WARNING] rt_gesture.inference_engine: Transport latency high: 233.609 ms (threshold 5.000 ms)
2026-03-09 12:59:45,799 [WARNING] rt_gesture.inference_engine: Pipeline latency high: 235.001 ms (threshold 80.000 ms)
2026-03-09 12:59:45,801 [WARNING] rt_gesture.inference_engine: Transport latency high: 215.289 ms (threshold 5.000 ms)
2026-03-09 12:59:45,801 [WARNING] rt_gesture.inference_engine: Pipeline latency high: 216.669 ms (threshold 80.000 ms)
2026-03-09 12:59:45,802 [WARNING] rt_gesture.inference_engine: Transport latency high: 196.981 ms (threshold 5.000 ms)
2026-03-09 12:59:45,802 [WARNING] rt_gesture.inference_engine: Pipeline latency high: 198.362 ms (threshold 80.000 ms)
2026-03-09 12:59:45,804 [WARNING] rt_gesture.inference_engine: Transport latency high: 178.654 ms (threshold 5.000 ms)
2026-03-09 12:59:45,804 [WARNING] rt_gesture.inference_engine: Pipeline latency high: 180.026 ms (threshold 80.000 ms)
2026-03-09 12:59:45,806 [WARNING] rt_gesture.inference_engine: Transport latency high: 160.314 ms (threshold 5.000 ms)
2026-03-09 12:59:45,806 [WARNING] rt_gesture.inference_engine: Pipeline latency high: 161.686 ms (threshold 80.000 ms)
2026-03-09 12:59:45,807 [WARNING] rt_gesture.inference_engine: Transport latency high: 141.967 ms (threshold 5.000 ms)
2026-03-09 12:59:45,807 [WARNING] rt_gesture.inference_engine: Pipeline latency high: 143.365 ms (threshold 80.000 ms)
2026-03-09 12:59:45,809 [WARNING] rt_gesture.inference_engine: Transport latency high: 123.652 ms (threshold 5.000 ms)
2026-03-09 12:59:45,809 [WARNING] rt_gesture.inference_engine: Pipeline latency high: 125.035 ms (threshold 80.000 ms)
2026-03-09 12:59:45,811 [WARNING] rt_gesture.inference_engine: Transport latency high: 105.316 ms (threshold 5.000 ms)
2026-03-09 12:59:45,811 [WARNING] rt_gesture.inference_engine: Pipeline latency high: 106.695 ms (threshold 80.000 ms)
2026-03-09 12:59:45,812 [WARNING] rt_gesture.inference_engine: Transport latency high: 86.983 ms (threshold 5.000 ms)
2026-03-09 12:59:45,812 [WARNING] rt_gesture.inference_engine: Pipeline latency high: 88.366 ms (threshold 80.000 ms)
2026-03-09 12:59:45,814 [WARNING] rt_gesture.inference_engine: Transport latency high: 68.649 ms (threshold 5.000 ms)
2026-03-09 12:59:45,815 [WARNING] rt_gesture.inference_engine: Transport latency high: 50.223 ms (threshold 5.000 ms)
2026-03-09 12:59:45,817 [WARNING] rt_gesture.inference_engine: Transport latency high: 31.817 ms (threshold 5.000 ms)
2026-03-09 12:59:45,819 [WARNING] rt_gesture.inference_engine: Transport latency high: 13.394 ms (threshold 5.000 ms)
