2026-03-09 13:01:27,207 [INFO] rt_gesture.main: RT-Gesture run directory: logs/2026-03-09_13-01-27
2026-03-09 13:01:27,214 [INFO] rt_gesture.main: InferenceEngine started (pid=19808)
2026-03-09 13:01:27,258 [INFO] rt_gesture.main: RT-Gesture run directory: logs/2026-03-09_13-01-27
2026-03-09 13:01:27,265 [INFO] rt_gesture.main: InferenceEngine started (pid=19811)
2026-03-09 13:01:27,722 [INFO] rt_gesture.main: DataSimulator started (pid=19820)
2026-03-09 13:01:27,773 [INFO] rt_gesture.main: DataSimulator started (pid=19823)
2026-03-09 13:01:28,047 [INFO] rt_gesture.data_simulator: Loaded HDF5 file /Data/CTRL_LAB/Discrete Gestures/mini/discrete_gestures_user_000_dataset_000.hdf5 with 5480192 samples and 1900 prompts
2026-03-09 13:01:28,047 [INFO] rt_gesture.data_simulator: DataSimulator started
2026-03-09 13:01:30,005 [INFO] rt_gesture.data_simulator: Loaded HDF5 file /Data/CTRL_LAB/Discrete Gestures/mini/discrete_gestures_user_001_dataset_000.hdf5 with 4116848 samples and 1181 prompts
2026-03-09 13:01:30,006 [INFO] rt_gesture.data_simulator: DataSimulator started
2026-03-09 13:01:31,025 [INFO] rt_gesture.checkpoint_utils: Loaded checkpoint /home/rxb/rt_gesture/workspace/checkpoints/discrete_gestures/model_checkpoint.ckpt with 6482953 parameters on cuda
2026-03-09 13:01:31,029 [INFO] rt_gesture.inference_engine: InferenceEngine started on device=cuda
2026-03-09 13:01:31,047 [WARNING] rt_gesture.zmq_transport: ZMQ port 5655 seq gap: expected=0 got=52 gap=52
2026-03-09 13:01:31,047 [WARNING] rt_gesture.inference_engine: Data interruption detected (sequence gap), resetting states
2026-03-09 13:01:31,058 [INFO] rt_gesture.checkpoint_utils: Loaded checkpoint /home/rxb/rt_gesture/workspace/checkpoints/discrete_gestures/model_checkpoint.ckpt with 6482953 parameters on cuda
2026-03-09 13:01:31,060 [INFO] rt_gesture.inference_engine: InferenceEngine started on device=cuda
2026-03-09 13:01:31,068 [WARNING] rt_gesture.zmq_transport: ZMQ port 5645 seq gap: expected=0 got=151 gap=151
2026-03-09 13:01:31,068 [WARNING] rt_gesture.inference_engine: Data interruption detected (sequence gap), resetting states
2026-03-09 13:01:32,001 [WARNING] rt_gesture.inference_engine: Transport latency high: 833.044 ms (threshold 5.000 ms)
2026-03-09 13:01:32,001 [WARNING] rt_gesture.inference_engine: Pipeline latency high: 835.033 ms (threshold 80.000 ms)
2026-03-09 13:01:32,003 [WARNING] rt_gesture.inference_engine: Transport latency high: 815.343 ms (threshold 5.000 ms)
2026-03-09 13:01:32,003 [WARNING] rt_gesture.inference_engine: Pipeline latency high: 816.811 ms (threshold 80.000 ms)
2026-03-09 13:01:32,004 [WARNING] rt_gesture.inference_engine: Transport latency high: 797.066 ms (threshold 5.000 ms)
2026-03-09 13:01:32,005 [WARNING] rt_gesture.inference_engine: Pipeline latency high: 798.449 ms (threshold 80.000 ms)
2026-03-09 13:01:32,006 [WARNING] rt_gesture.inference_engine: Transport latency high: 778.703 ms (threshold 5.000 ms)
2026-03-09 13:01:32,006 [WARNING] rt_gesture.inference_engine: Pipeline latency high: 780.091 ms (threshold 80.000 ms)
2026-03-09 13:01:32,008 [WARNING] rt_gesture.inference_engine: Transport latency high: 760.350 ms (threshold 5.000 ms)
2026-03-09 13:01:32,008 [WARNING] rt_gesture.inference_engine: Pipeline latency high: 761.742 ms (threshold 80.000 ms)
2026-03-09 13:01:32,009 [WARNING] rt_gesture.inference_engine: Transport latency high: 742.007 ms (threshold 5.000 ms)
2026-03-09 13:01:32,009 [WARNING] rt_gesture.inference_engine: Pipeline latency high: 743.387 ms (threshold 80.000 ms)
2026-03-09 13:01:32,011 [WARNING] rt_gesture.inference_engine: Transport latency high: 723.672 ms (threshold 5.000 ms)
2026-03-09 13:01:32,011 [WARNING] rt_gesture.inference_engine: Pipeline latency high: 725.071 ms (threshold 80.000 ms)
2026-03-09 13:01:32,013 [WARNING] rt_gesture.inference_engine: Transport latency high: 705.311 ms (threshold 5.000 ms)
2026-03-09 13:01:32,013 [WARNING] rt_gesture.inference_engine: Pipeline latency high: 706.708 ms (threshold 80.000 ms)
2026-03-09 13:01:32,014 [WARNING] rt_gesture.inference_engine: Transport latency high: 686.948 ms (threshold 5.000 ms)
2026-03-09 13:01:32,014 [WARNING] rt_gesture.inference_engine: Pipeline latency high: 688.316 ms (threshold 80.000 ms)
2026-03-09 13:01:32,016 [WARNING] rt_gesture.inference_engine: Transport latency high: 668.643 ms (threshold 5.000 ms)
2026-03-09 13:01:32,016 [WARNING] rt_gesture.inference_engine: Pipeline latency high: 670.099 ms (threshold 80.000 ms)
2026-03-09 13:01:32,018 [WARNING] rt_gesture.inference_engine: Transport latency high: 650.389 ms (threshold 5.000 ms)
2026-03-09 13:01:32,018 [WARNING] rt_gesture.inference_engine: Pipeline latency high: 651.794 ms (threshold 80.000 ms)
2026-03-09 13:01:32,019 [WARNING] rt_gesture.inference_engine: Transport latency high: 632.044 ms (threshold 5.000 ms)
2026-03-09 13:01:32,020 [WARNING] rt_gesture.inference_engine: Pipeline latency high: 633.421 ms (threshold 80.000 ms)
2026-03-09 13:01:32,021 [WARNING] rt_gesture.inference_engine: Transport latency high: 613.630 ms (threshold 5.000 ms)
2026-03-09 13:01:32,021 [WARNING] rt_gesture.inference_engine: Pipeline latency high: 615.007 ms (threshold 80.000 ms)
2026-03-09 13:01:32,023 [WARNING] rt_gesture.inference_engine: Transport latency high: 595.295 ms (threshold 5.000 ms)
2026-03-09 13:01:32,023 [WARNING] rt_gesture.inference_engine: Pipeline latency high: 596.700 ms (threshold 80.000 ms)
2026-03-09 13:01:32,024 [WARNING] rt_gesture.inference_engine: Transport latency high: 576.954 ms (threshold 5.000 ms)
2026-03-09 13:01:32,024 [WARNING] rt_gesture.inference_engine: Pipeline latency high: 578.364 ms (threshold 80.000 ms)
2026-03-09 13:01:32,026 [WARNING] rt_gesture.inference_engine: Transport latency high: 558.621 ms (threshold 5.000 ms)
2026-03-09 13:01:32,026 [WARNING] rt_gesture.inference_engine: Pipeline latency high: 560.016 ms (threshold 80.000 ms)
2026-03-09 13:01:32,028 [WARNING] rt_gesture.inference_engine: Transport latency high: 540.302 ms (threshold 5.000 ms)
2026-03-09 13:01:32,028 [WARNING] rt_gesture.inference_engine: Pipeline latency high: 541.765 ms (threshold 80.000 ms)
2026-03-09 13:01:32,029 [WARNING] rt_gesture.inference_engine: Transport latency high: 522.044 ms (threshold 5.000 ms)
2026-03-09 13:01:32,030 [WARNING] rt_gesture.inference_engine: Pipeline latency high: 523.440 ms (threshold 80.000 ms)
2026-03-09 13:01:32,031 [WARNING] rt_gesture.inference_engine: Transport latency high: 503.726 ms (threshold 5.000 ms)
2026-03-09 13:01:32,031 [WARNING] rt_gesture.inference_engine: Pipeline latency high: 505.146 ms (threshold 80.000 ms)
2026-03-09 13:01:32,033 [WARNING] rt_gesture.inference_engine: Transport latency high: 485.427 ms (threshold 5.000 ms)
2026-03-09 13:01:32,033 [WARNING] rt_gesture.inference_engine: Pipeline latency high: 486.883 ms (threshold 80.000 ms)
2026-03-09 13:01:32,035 [WARNING] rt_gesture.inference_engine: Transport latency high: 467.117 ms (threshold 5.000 ms)
2026-03-09 13:01:32,035 [WARNING] rt_gesture.inference_engine: Pipeline latency high: 468.654 ms (threshold 80.000 ms)
2026-03-09 13:01:32,036 [WARNING] rt_gesture.inference_engine: Transport latency high: 448.948 ms (threshold 5.000 ms)
2026-03-09 13:01:32,036 [WARNING] rt_gesture.inference_engine: Pipeline latency high: 450.403 ms (threshold 80.000 ms)
2026-03-09 13:01:32,038 [WARNING] rt_gesture.inference_engine: Transport latency high: 430.657 ms (threshold 5.000 ms)
2026-03-09 13:01:32,038 [WARNING] rt_gesture.inference_engine: Pipeline latency high: 432.036 ms (threshold 80.000 ms)
2026-03-09 13:01:32,040 [WARNING] rt_gesture.inference_engine: Transport latency high: 412.282 ms (threshold 5.000 ms)
2026-03-09 13:01:32,040 [WARNING] rt_gesture.inference_engine: Pipeline latency high: 413.726 ms (threshold 80.000 ms)
2026-03-09 13:01:32,041 [WARNING] rt_gesture.inference_engine: Transport latency high: 393.999 ms (threshold 5.000 ms)
2026-03-09 13:01:32,042 [WARNING] rt_gesture.inference_engine: Pipeline latency high: 395.457 ms (threshold 80.000 ms)
2026-03-09 13:01:32,043 [WARNING] rt_gesture.inference_engine: Transport latency high: 375.740 ms (threshold 5.000 ms)
2026-03-09 13:01:32,043 [WARNING] rt_gesture.inference_engine: Pipeline latency high: 377.213 ms (threshold 80.000 ms)
2026-03-09 13:01:32,045 [WARNING] rt_gesture.inference_engine: Transport latency high: 357.454 ms (threshold 5.000 ms)
2026-03-09 13:01:32,045 [WARNING] rt_gesture.inference_engine: Pipeline latency high: 358.991 ms (threshold 80.000 ms)
2026-03-09 13:01:32,047 [WARNING] rt_gesture.inference_engine: Transport latency high: 339.277 ms (threshold 5.000 ms)
2026-03-09 13:01:32,047 [WARNING] rt_gesture.inference_engine: Pipeline latency high: 340.751 ms (threshold 80.000 ms)
2026-03-09 13:01:32,047 [WARNING] rt_gesture.inference_engine: Transport latency high: 857.562 ms (threshold 5.000 ms)
2026-03-09 13:01:32,047 [WARNING] rt_gesture.inference_engine: Pipeline latency high: 859.542 ms (threshold 80.000 ms)
2026-03-09 13:01:32,048 [WARNING] rt_gesture.inference_engine: Transport latency high: 321.002 ms (threshold 5.000 ms)
2026-03-09 13:01:32,048 [WARNING] rt_gesture.inference_engine: Pipeline latency high: 322.382 ms (threshold 80.000 ms)
2026-03-09 13:01:32,049 [WARNING] rt_gesture.inference_engine: Transport latency high: 839.876 ms (threshold 5.000 ms)
2026-03-09 13:01:32,049 [WARNING] rt_gesture.inference_engine: Pipeline latency high: 841.376 ms (threshold 80.000 ms)
2026-03-09 13:01:32,050 [WARNING] rt_gesture.inference_engine: Transport latency high: 302.629 ms (threshold 5.000 ms)
2026-03-09 13:01:32,050 [WARNING] rt_gesture.inference_engine: Pipeline latency high: 304.132 ms (threshold 80.000 ms)
2026-03-09 13:01:32,051 [WARNING] rt_gesture.inference_engine: Transport latency high: 821.657 ms (threshold 5.000 ms)
2026-03-09 13:01:32,051 [WARNING] rt_gesture.inference_engine: Pipeline latency high: 823.138 ms (threshold 80.000 ms)
2026-03-09 13:01:32,052 [WARNING] rt_gesture.inference_engine: Transport latency high: 284.457 ms (threshold 5.000 ms)
2026-03-09 13:01:32,052 [WARNING] rt_gesture.inference_engine: Pipeline latency high: 285.928 ms (threshold 80.000 ms)
2026-03-09 13:01:32,052 [WARNING] rt_gesture.inference_engine: Transport latency high: 803.402 ms (threshold 5.000 ms)
2026-03-09 13:01:32,052 [WARNING] rt_gesture.inference_engine: Pipeline latency high: 804.905 ms (threshold 80.000 ms)
2026-03-09 13:01:32,054 [WARNING] rt_gesture.inference_engine: Transport latency high: 266.152 ms (threshold 5.000 ms)
2026-03-09 13:01:32,054 [WARNING] rt_gesture.inference_engine: Pipeline latency high: 267.648 ms (threshold 80.000 ms)
2026-03-09 13:01:32,054 [WARNING] rt_gesture.inference_engine: Transport latency high: 785.174 ms (threshold 5.000 ms)
2026-03-09 13:01:32,054 [WARNING] rt_gesture.inference_engine: Pipeline latency high: 786.658 ms (threshold 80.000 ms)
2026-03-09 13:01:32,055 [WARNING] rt_gesture.inference_engine: Transport latency high: 247.890 ms (threshold 5.000 ms)
2026-03-09 13:01:32,056 [WARNING] rt_gesture.inference_engine: Pipeline latency high: 249.381 ms (threshold 80.000 ms)
2026-03-09 13:01:32,056 [WARNING] rt_gesture.inference_engine: Transport latency high: 766.930 ms (threshold 5.000 ms)
2026-03-09 13:01:32,056 [WARNING] rt_gesture.inference_engine: Pipeline latency high: 768.401 ms (threshold 80.000 ms)
2026-03-09 13:01:32,057 [WARNING] rt_gesture.inference_engine: Transport latency high: 229.653 ms (threshold 5.000 ms)
2026-03-09 13:01:32,057 [WARNING] rt_gesture.inference_engine: Pipeline latency high: 231.126 ms (threshold 80.000 ms)
2026-03-09 13:01:32,058 [WARNING] rt_gesture.inference_engine: Transport latency high: 748.660 ms (threshold 5.000 ms)
2026-03-09 13:01:32,058 [WARNING] rt_gesture.inference_engine: Pipeline latency high: 750.149 ms (threshold 80.000 ms)
2026-03-09 13:01:32,059 [WARNING] rt_gesture.inference_engine: Transport latency high: 211.380 ms (threshold 5.000 ms)
2026-03-09 13:01:32,059 [WARNING] rt_gesture.inference_engine: Pipeline latency high: 212.862 ms (threshold 80.000 ms)
2026-03-09 13:01:32,059 [WARNING] rt_gesture.inference_engine: Transport latency high: 730.409 ms (threshold 5.000 ms)
2026-03-09 13:01:32,059 [WARNING] rt_gesture.inference_engine: Pipeline latency high: 731.889 ms (threshold 80.000 ms)
2026-03-09 13:01:32,061 [WARNING] rt_gesture.inference_engine: Transport latency high: 193.143 ms (threshold 5.000 ms)
2026-03-09 13:01:32,061 [WARNING] rt_gesture.inference_engine: Pipeline latency high: 194.643 ms (threshold 80.000 ms)
2026-03-09 13:01:32,061 [WARNING] rt_gesture.inference_engine: Transport latency high: 712.176 ms (threshold 5.000 ms)
2026-03-09 13:01:32,061 [WARNING] rt_gesture.inference_engine: Pipeline latency high: 713.642 ms (threshold 80.000 ms)
2026-03-09 13:01:32,063 [WARNING] rt_gesture.inference_engine: Transport latency high: 693.931 ms (threshold 5.000 ms)
2026-03-09 13:01:32,063 [WARNING] rt_gesture.inference_engine: Pipeline latency high: 695.406 ms (threshold 80.000 ms)
2026-03-09 13:01:32,062 [WARNING] rt_gesture.inference_engine: Transport latency high: 174.896 ms (threshold 5.000 ms)
2026-03-09 13:01:32,064 [WARNING] rt_gesture.inference_engine: Pipeline latency high: 176.400 ms (threshold 80.000 ms)
2026-03-09 13:01:32,065 [WARNING] rt_gesture.inference_engine: Transport latency high: 675.665 ms (threshold 5.000 ms)
2026-03-09 13:01:32,065 [WARNING] rt_gesture.inference_engine: Pipeline latency high: 677.050 ms (threshold 80.000 ms)
2026-03-09 13:01:32,066 [WARNING] rt_gesture.inference_engine: Transport latency high: 158.371 ms (threshold 5.000 ms)
2026-03-09 13:01:32,066 [WARNING] rt_gesture.inference_engine: Transport latency high: 657.306 ms (threshold 5.000 ms)
2026-03-09 13:01:32,066 [WARNING] rt_gesture.inference_engine: Pipeline latency high: 160.181 ms (threshold 80.000 ms)
2026-03-09 13:01:32,066 [WARNING] rt_gesture.inference_engine: Pipeline latency high: 658.812 ms (threshold 80.000 ms)
2026-03-09 13:01:32,068 [WARNING] rt_gesture.inference_engine: Transport latency high: 639.082 ms (threshold 5.000 ms)
2026-03-09 13:01:32,068 [WARNING] rt_gesture.inference_engine: Pipeline latency high: 640.608 ms (threshold 80.000 ms)
2026-03-09 13:01:32,068 [WARNING] rt_gesture.inference_engine: Transport latency high: 140.181 ms (threshold 5.000 ms)
2026-03-09 13:01:32,068 [WARNING] rt_gesture.inference_engine: Pipeline latency high: 141.882 ms (threshold 80.000 ms)
2026-03-09 13:01:32,070 [WARNING] rt_gesture.inference_engine: Transport latency high: 620.864 ms (threshold 5.000 ms)
2026-03-09 13:01:32,070 [WARNING] rt_gesture.inference_engine: Transport latency high: 122.404 ms (threshold 5.000 ms)
2026-03-09 13:01:32,070 [WARNING] rt_gesture.inference_engine: Pipeline latency high: 622.401 ms (threshold 80.000 ms)
2026-03-09 13:01:32,070 [WARNING] rt_gesture.inference_engine: Pipeline latency high: 123.940 ms (threshold 80.000 ms)
2026-03-09 13:01:32,072 [WARNING] rt_gesture.inference_engine: Transport latency high: 104.219 ms (threshold 5.000 ms)
2026-03-09 13:01:32,072 [WARNING] rt_gesture.inference_engine: Pipeline latency high: 105.718 ms (threshold 80.000 ms)
2026-03-09 13:01:32,072 [WARNING] rt_gesture.inference_engine: Transport latency high: 602.682 ms (threshold 5.000 ms)
2026-03-09 13:01:32,072 [WARNING] rt_gesture.inference_engine: Pipeline latency high: 604.353 ms (threshold 80.000 ms)
2026-03-09 13:01:32,074 [WARNING] rt_gesture.inference_engine: Transport latency high: 85.941 ms (threshold 5.000 ms)
2026-03-09 13:01:32,074 [WARNING] rt_gesture.inference_engine: Pipeline latency high: 87.468 ms (threshold 80.000 ms)
2026-03-09 13:01:32,074 [WARNING] rt_gesture.inference_engine: Transport latency high: 584.621 ms (threshold 5.000 ms)
2026-03-09 13:01:32,074 [WARNING] rt_gesture.inference_engine: Pipeline latency high: 586.149 ms (threshold 80.000 ms)
2026-03-09 13:01:32,075 [WARNING] rt_gesture.inference_engine: Transport latency high: 67.867 ms (threshold 5.000 ms)
2026-03-09 13:01:32,075 [WARNING] rt_gesture.inference_engine: Transport latency high: 566.412 ms (threshold 5.000 ms)
2026-03-09 13:01:32,076 [WARNING] rt_gesture.inference_engine: Pipeline latency high: 567.971 ms (threshold 80.000 ms)
2026-03-09 13:01:32,077 [WARNING] rt_gesture.inference_engine: Transport latency high: 49.661 ms (threshold 5.000 ms)
2026-03-09 13:01:32,077 [WARNING] rt_gesture.inference_engine: Transport latency high: 548.245 ms (threshold 5.000 ms)
2026-03-09 13:01:32,077 [WARNING] rt_gesture.inference_engine: Pipeline latency high: 549.842 ms (threshold 80.000 ms)
2026-03-09 13:01:32,079 [WARNING] rt_gesture.inference_engine: Transport latency high: 31.456 ms (threshold 5.000 ms)
2026-03-09 13:01:32,079 [WARNING] rt_gesture.inference_engine: Transport latency high: 530.096 ms (threshold 5.000 ms)
2026-03-09 13:01:32,079 [WARNING] rt_gesture.inference_engine: Pipeline latency high: 531.607 ms (threshold 80.000 ms)
2026-03-09 13:01:32,081 [WARNING] rt_gesture.inference_engine: Transport latency high: 13.289 ms (threshold 5.000 ms)
2026-03-09 13:01:32,081 [WARNING] rt_gesture.inference_engine: Transport latency high: 511.865 ms (threshold 5.000 ms)
2026-03-09 13:01:32,081 [WARNING] rt_gesture.inference_engine: Pipeline latency high: 513.375 ms (threshold 80.000 ms)
2026-03-09 13:01:32,082 [WARNING] rt_gesture.inference_engine: Transport latency high: 493.654 ms (threshold 5.000 ms)
2026-03-09 13:01:32,083 [WARNING] rt_gesture.inference_engine: Pipeline latency high: 495.051 ms (threshold 80.000 ms)
2026-03-09 13:01:32,084 [WARNING] rt_gesture.inference_engine: Transport latency high: 475.311 ms (threshold 5.000 ms)
2026-03-09 13:01:32,084 [WARNING] rt_gesture.inference_engine: Pipeline latency high: 476.701 ms (threshold 80.000 ms)
2026-03-09 13:01:32,086 [WARNING] rt_gesture.inference_engine: Transport latency high: 456.956 ms (threshold 5.000 ms)
2026-03-09 13:01:32,086 [WARNING] rt_gesture.inference_engine: Pipeline latency high: 458.348 ms (threshold 80.000 ms)
2026-03-09 13:01:32,088 [WARNING] rt_gesture.inference_engine: Transport latency high: 438.610 ms (threshold 5.000 ms)
2026-03-09 13:01:32,088 [WARNING] rt_gesture.inference_engine: Pipeline latency high: 440.178 ms (threshold 80.000 ms)
2026-03-09 13:01:32,089 [WARNING] rt_gesture.inference_engine: Transport latency high: 420.449 ms (threshold 5.000 ms)
2026-03-09 13:01:32,089 [WARNING] rt_gesture.inference_engine: Pipeline latency high: 421.935 ms (threshold 80.000 ms)
2026-03-09 13:01:32,091 [WARNING] rt_gesture.inference_engine: Transport latency high: 402.187 ms (threshold 5.000 ms)
2026-03-09 13:01:32,091 [WARNING] rt_gesture.inference_engine: Pipeline latency high: 403.608 ms (threshold 80.000 ms)
2026-03-09 13:01:32,093 [WARNING] rt_gesture.inference_engine: Transport latency high: 383.882 ms (threshold 5.000 ms)
2026-03-09 13:01:32,093 [WARNING] rt_gesture.inference_engine: Pipeline latency high: 385.288 ms (threshold 80.000 ms)
2026-03-09 13:01:32,094 [WARNING] rt_gesture.inference_engine: Transport latency high: 365.545 ms (threshold 5.000 ms)
2026-03-09 13:01:32,095 [WARNING] rt_gesture.inference_engine: Pipeline latency high: 366.932 ms (threshold 80.000 ms)
2026-03-09 13:01:32,096 [WARNING] rt_gesture.inference_engine: Transport latency high: 347.215 ms (threshold 5.000 ms)
2026-03-09 13:01:32,096 [WARNING] rt_gesture.inference_engine: Pipeline latency high: 348.603 ms (threshold 80.000 ms)
2026-03-09 13:01:32,098 [WARNING] rt_gesture.inference_engine: Transport latency high: 328.869 ms (threshold 5.000 ms)
2026-03-09 13:01:32,098 [WARNING] rt_gesture.inference_engine: Pipeline latency high: 330.259 ms (threshold 80.000 ms)
2026-03-09 13:01:32,099 [WARNING] rt_gesture.inference_engine: Transport latency high: 310.514 ms (threshold 5.000 ms)
2026-03-09 13:01:32,099 [WARNING] rt_gesture.inference_engine: Pipeline latency high: 311.906 ms (threshold 80.000 ms)
2026-03-09 13:01:32,101 [WARNING] rt_gesture.inference_engine: Transport latency high: 292.154 ms (threshold 5.000 ms)
2026-03-09 13:01:32,101 [WARNING] rt_gesture.inference_engine: Pipeline latency high: 293.540 ms (threshold 80.000 ms)
2026-03-09 13:01:32,103 [WARNING] rt_gesture.inference_engine: Transport latency high: 273.822 ms (threshold 5.000 ms)
2026-03-09 13:01:32,103 [WARNING] rt_gesture.inference_engine: Pipeline latency high: 275.224 ms (threshold 80.000 ms)
2026-03-09 13:01:32,104 [WARNING] rt_gesture.inference_engine: Transport latency high: 255.490 ms (threshold 5.000 ms)
2026-03-09 13:01:32,104 [WARNING] rt_gesture.inference_engine: Pipeline latency high: 256.884 ms (threshold 80.000 ms)
2026-03-09 13:01:32,106 [WARNING] rt_gesture.inference_engine: Transport latency high: 237.152 ms (threshold 5.000 ms)
2026-03-09 13:01:32,106 [WARNING] rt_gesture.inference_engine: Pipeline latency high: 238.539 ms (threshold 80.000 ms)
2026-03-09 13:01:32,108 [WARNING] rt_gesture.inference_engine: Transport latency high: 218.803 ms (threshold 5.000 ms)
2026-03-09 13:01:32,108 [WARNING] rt_gesture.inference_engine: Pipeline latency high: 220.318 ms (threshold 80.000 ms)
2026-03-09 13:01:32,109 [WARNING] rt_gesture.inference_engine: Transport latency high: 200.580 ms (threshold 5.000 ms)
2026-03-09 13:01:32,110 [WARNING] rt_gesture.inference_engine: Pipeline latency high: 201.969 ms (threshold 80.000 ms)
2026-03-09 13:01:32,111 [WARNING] rt_gesture.inference_engine: Transport latency high: 182.191 ms (threshold 5.000 ms)
2026-03-09 13:01:32,111 [WARNING] rt_gesture.inference_engine: Pipeline latency high: 183.600 ms (threshold 80.000 ms)
2026-03-09 13:01:32,113 [WARNING] rt_gesture.inference_engine: Transport latency high: 163.877 ms (threshold 5.000 ms)
2026-03-09 13:01:32,113 [WARNING] rt_gesture.inference_engine: Pipeline latency high: 165.272 ms (threshold 80.000 ms)
2026-03-09 13:01:32,114 [WARNING] rt_gesture.inference_engine: Transport latency high: 145.514 ms (threshold 5.000 ms)
2026-03-09 13:01:32,115 [WARNING] rt_gesture.inference_engine: Pipeline latency high: 146.904 ms (threshold 80.000 ms)
2026-03-09 13:01:32,116 [WARNING] rt_gesture.inference_engine: Transport latency high: 127.190 ms (threshold 5.000 ms)
2026-03-09 13:01:32,116 [WARNING] rt_gesture.inference_engine: Pipeline latency high: 128.583 ms (threshold 80.000 ms)
2026-03-09 13:01:32,118 [WARNING] rt_gesture.inference_engine: Transport latency high: 108.831 ms (threshold 5.000 ms)
2026-03-09 13:01:32,118 [WARNING] rt_gesture.inference_engine: Pipeline latency high: 110.217 ms (threshold 80.000 ms)
2026-03-09 13:01:32,119 [WARNING] rt_gesture.inference_engine: Transport latency high: 90.489 ms (threshold 5.000 ms)
2026-03-09 13:01:32,120 [WARNING] rt_gesture.inference_engine: Pipeline latency high: 91.888 ms (threshold 80.000 ms)
2026-03-09 13:01:32,121 [WARNING] rt_gesture.inference_engine: Transport latency high: 72.236 ms (threshold 5.000 ms)
2026-03-09 13:01:32,123 [WARNING] rt_gesture.inference_engine: Transport latency high: 53.868 ms (threshold 5.000 ms)
2026-03-09 13:01:32,124 [WARNING] rt_gesture.inference_engine: Transport latency high: 35.460 ms (threshold 5.000 ms)
2026-03-09 13:01:32,126 [WARNING] rt_gesture.inference_engine: Transport latency high: 17.040 ms (threshold 5.000 ms)
2026-03-09 13:01:34,028 [INFO] rt_gesture.data_simulator: DataSimulator stopped after 300 chunks (12000/5480192 samples)
2026-03-09 13:01:34,056 [INFO] rt_gesture.main: DataSimulator exited
2026-03-09 13:01:34,158 [INFO] rt_gesture.inference_engine: InferenceEngine received SHUTDOWN
2026-03-09 13:01:34,360 [INFO] rt_gesture.main: RT-Gesture shutdown complete
2026-03-09 13:01:35,987 [INFO] rt_gesture.data_simulator: DataSimulator stopped after 300 chunks (12000/4116848 samples)
2026-03-09 13:01:36,014 [INFO] rt_gesture.main: DataSimulator exited
2026-03-09 13:01:36,116 [INFO] rt_gesture.inference_engine: InferenceEngine received SHUTDOWN
2026-03-09 13:01:36,340 [INFO] rt_gesture.main: RT-Gesture shutdown complete
